nohup: ignoring input
Start solving the SDP problem !
   Solver status: optimal
   Solver took: 9.966351699 seconds
   Solver value: 63.360389729334116
Start solving the SDP problem !
   Solver status: optimal
   Solver took: 9.672047332 seconds
   Solver value: 63.359243489933704
Start solving the SDP problem !
   Solver status: optimal
   Solver took: 10.073505446999999 seconds
   Solver value: 63.1288004810047
Start solving the SDP problem !
   Solver status: optimal
   Solver took: 8.206991002 seconds
   Solver value: 60.3249882923913
Start solving the SDP problem !
   Solver status: optimal
   Solver took: 4.876001348 seconds
   Solver value: 67.91821974394536
Start solving the SDP problem !
   Solver status: optimal
   Solver took: 10.867873981999999 seconds
   Solver value: 67.91821974400575
Start solving the SDP problem !
   Solver status: optimal
   Solver took: 11.864965731 seconds
   Solver value: 67.91326782004312
Start solving the SDP problem !
   Solver status: optimal
   Solver took: 13.015556639 seconds
   Solver value: 66.05603920688841
Start solving the SDP problem !
   Solver status: optimal
   Solver took: 5.512469823 seconds
   Solver value: 43.73113909499491
Start solving the SDP problem !
   Solver status: optimal
   Solver took: 6.96575743 seconds
   Solver value: 43.731136976955874
Start solving the SDP problem !
   Solver status: optimal
   Solver took: 7.579142842 seconds
   Solver value: 43.601430175826884
Start solving the SDP problem !
   Solver status: optimal
   Solver took: 9.912179094999999 seconds
   Solver value: 43.160378135590236
Start solving the SDP problem !
   Solver status: optimal
   Solver took: 3.323133894 seconds
   Solver value: 99.08557557602616
Start solving the SDP problem !
   Solver status: optimal
   Solver took: 5.230952264 seconds
   Solver value: 99.07780166274463
Start solving the SDP problem !
   Solver status: optimal
   Solver took: 5.412494047 seconds
   Solver value: 99.0718829448938
Start solving the SDP problem !
   Solver status: optimal
   Solver took: 5.656179992999999 seconds
   Solver value: 96.85176155614137
Start solving the SDP problem !
   Solver status: optimal
   Solver took: 2.3570288930000003 seconds
   Solver value: 70.08984886729031
Start solving the SDP problem !
   Solver status: optimal
   Solver took: 7.568934527000001 seconds
   Solver value: 70.08984886732937
Start solving the SDP problem !
   Solver status: optimal
   Solver took: 7.907243541 seconds
   Solver value: 70.04881782438643
Start solving the SDP problem !
   Solver status: optimal
   Solver took: 9.946386452 seconds
   Solver value: 68.68232144674211
